19:48:39 **** Build of project r5_bsp ****
make -k all 
"Running Make include in psu_cortexr5_0/libsrc/axipmon_v6_5/src"
make -C psu_cortexr5_0/libsrc/axipmon_v6_5/src -s include  "SHELL=CMD" "COMPILER=armr5-none-eabi-gcc" "ARCHIVER=armr5-none-eabi-ar" "COMPILER_FLAGS=  -O2 -c -mcpu=cortex-r5" "EXTRA_COMPILER_FLAGS=-g -DARMR5"
"Running Make include in psu_cortexr5_0/libsrc/axivdma_v6_2/src"
make -C psu_cortexr5_0/libsrc/axivdma_v6_2/src -s include  "SHELL=CMD" "COMPILER=armr5-none-eabi-gcc" "ARCHIVER=armr5-none-eabi-ar" "COMPILER_FLAGS=  -O2 -c -mcpu=cortex-r5" "EXTRA_COMPILER_FLAGS=-g -DARMR5"
"Running Make include in psu_cortexr5_0/libsrc/bram_v4_1/src"
make -C psu_cortexr5_0/libsrc/bram_v4_1/src -s include  "SHELL=CMD" "COMPILER=armr5-none-eabi-gcc" "ARCHIVER=armr5-none-eabi-ar" "COMPILER_FLAGS=  -O2 -c -mcpu=cortex-r5" "EXTRA_COMPILER_FLAGS=-g -DARMR5"
"Running Make include in psu_cortexr5_0/libsrc/coresightps_dcc_v1_3/src"
make -C psu_cortexr5_0/libsrc/coresightps_dcc_v1_3/src -s include  "SHELL=CMD" "COMPILER=armr5-none-eabi-gcc" "ARCHIVER=armr5-none-eabi-ar" "COMPILER_FLAGS=  -O2 -c -mcpu=cortex-r5" "EXTRA_COMPILER_FLAGS=-g -DARMR5"
"Running Make include in psu_cortexr5_0/libsrc/cpu_cortexr5_v1_1/src"
make -C psu_cortexr5_0/libsrc/cpu_cortexr5_v1_1/src -s include  "SHELL=CMD" "COMPILER=armr5-none-eabi-gcc" "ARCHIVER=armr5-none-eabi-ar" "COMPILER_FLAGS=  -O2 -c -mcpu=cortex-r5" "EXTRA_COMPILER_FLAGS=-g -DARMR5"
"Running Make include in psu_cortexr5_0/libsrc/csudma_v1_1/src"
make -C psu_cortexr5_0/libsrc/csudma_v1_1/src -s include  "SHELL=CMD" "COMPILER=armr5-none-eabi-gcc" "ARCHIVER=armr5-none-eabi-ar" "COMPILER_FLAGS=  -O2 -c -mcpu=cortex-r5" "EXTRA_COMPILER_FLAGS=-g -DARMR5"
"Running Make include in psu_cortexr5_0/libsrc/ddrcpsu_v1_1/src"
make -C psu_cortexr5_0/libsrc/ddrcpsu_v1_1/src -s include  "SHELL=CMD" "COMPILER=armr5-none-eabi-gcc" "ARCHIVER=armr5-none-eabi-ar" "COMPILER_FLAGS=  -O2 -c -mcpu=cortex-r5" "EXTRA_COMPILER_FLAGS=-g -DARMR5"
"Running Make include in psu_cortexr5_0/libsrc/emacps_v3_3/src"
make -C psu_cortexr5_0/libsrc/emacps_v3_3/src -s include  "SHELL=CMD" "COMPILER=armr5-none-eabi-gcc" "ARCHIVER=armr5-none-eabi-ar" "COMPILER_FLAGS=  -O2 -c -mcpu=cortex-r5" "EXTRA_COMPILER_FLAGS=-g -DARMR5"
"Running Make include in psu_cortexr5_0/libsrc/gpiops_v3_1/src"
make -C psu_cortexr5_0/libsrc/gpiops_v3_1/src -s include  "SHELL=CMD" "COMPILER=armr5-none-eabi-gcc" "ARCHIVER=armr5-none-eabi-ar" "COMPILER_FLAGS=  -O2 -c -mcpu=cortex-r5" "EXTRA_COMPILER_FLAGS=-g -DARMR5"
"Running Make include in psu_cortexr5_0/libsrc/iicps_v3_4/src"
make -C psu_cortexr5_0/libsrc/iicps_v3_4/src -s include  "SHELL=CMD" "COMPILER=armr5-none-eabi-gcc" "ARCHIVER=armr5-none-eabi-ar" "COMPILER_FLAGS=  -O2 -c -mcpu=cortex-r5" "EXTRA_COMPILER_FLAGS=-g -DARMR5"
"Running Make include in psu_cortexr5_0/libsrc/ipipsu_v2_1/src"
make -C psu_cortexr5_0/libsrc/ipipsu_v2_1/src -s include  "SHELL=CMD" "COMPILER=armr5-none-eabi-gcc" "ARCHIVER=armr5-none-eabi-ar" "COMPILER_FLAGS=  -O2 -c -mcpu=cortex-r5" "EXTRA_COMPILER_FLAGS=-g -DARMR5"
"Running Make include in psu_cortexr5_0/libsrc/qspipsu_v1_3/src"
make -C psu_cortexr5_0/libsrc/qspipsu_v1_3/src -s include  "SHELL=CMD" "COMPILER=armr5-none-eabi-gcc" "ARCHIVER=armr5-none-eabi-ar" "COMPILER_FLAGS=  -O2 -c -mcpu=cortex-r5" "EXTRA_COMPILER_FLAGS=-g -DARMR5"
"Running Make include in psu_cortexr5_0/libsrc/rtcpsu_v1_3/src"
make -C psu_cortexr5_0/libsrc/rtcpsu_v1_3/src -s include  "SHELL=CMD" "COMPILER=armr5-none-eabi-gcc" "ARCHIVER=armr5-none-eabi-ar" "COMPILER_FLAGS=  -O2 -c -mcpu=cortex-r5" "EXTRA_COMPILER_FLAGS=-g -DARMR5"
"Running Make include in psu_cortexr5_0/libsrc/scugic_v3_5/src"
make -C psu_cortexr5_0/libsrc/scugic_v3_5/src -s include  "SHELL=CMD" "COMPILER=armr5-none-eabi-gcc" "ARCHIVER=armr5-none-eabi-ar" "COMPILER_FLAGS=  -O2 -c -mcpu=cortex-r5" "EXTRA_COMPILER_FLAGS=-g -DARMR5"
"Running Make include in psu_cortexr5_0/libsrc/sdps_v3_1/src"
make -C psu_cortexr5_0/libsrc/sdps_v3_1/src -s include  "SHELL=CMD" "COMPILER=armr5-none-eabi-gcc" "ARCHIVER=armr5-none-eabi-ar" "COMPILER_FLAGS=  -O2 -c -mcpu=cortex-r5" "EXTRA_COMPILER_FLAGS=-g -DARMR5"
"Running Make include in psu_cortexr5_0/libsrc/standalone_v6_1/src"
make -C psu_cortexr5_0/libsrc/standalone_v6_1/src -s include  "SHELL=CMD" "COMPILER=armr5-none-eabi-gcc" "ARCHIVER=armr5-none-eabi-ar" "COMPILER_FLAGS=  -O2 -c -mcpu=cortex-r5" "EXTRA_COMPILER_FLAGS=-g -DARMR5"
"Running Make include in psu_cortexr5_0/libsrc/sysmonpsu_v2_0/src"
make -C psu_cortexr5_0/libsrc/sysmonpsu_v2_0/src -s include  "SHELL=CMD" "COMPILER=armr5-none-eabi-gcc" "ARCHIVER=armr5-none-eabi-ar" "COMPILER_FLAGS=  -O2 -c -mcpu=cortex-r5" "EXTRA_COMPILER_FLAGS=-g -DARMR5"
"Running Make include in psu_cortexr5_0/libsrc/ttcps_v3_2/src"
make -C psu_cortexr5_0/libsrc/ttcps_v3_2/src -s include  "SHELL=CMD" "COMPILER=armr5-none-eabi-gcc" "ARCHIVER=armr5-none-eabi-ar" "COMPILER_FLAGS=  -O2 -c -mcpu=cortex-r5" "EXTRA_COMPILER_FLAGS=-g -DARMR5"
"Running Make include in psu_cortexr5_0/libsrc/uartps_v3_3/src"
make -C psu_cortexr5_0/libsrc/uartps_v3_3/src -s include  "SHELL=CMD" "COMPILER=armr5-none-eabi-gcc" "ARCHIVER=armr5-none-eabi-ar" "COMPILER_FLAGS=  -O2 -c -mcpu=cortex-r5" "EXTRA_COMPILER_FLAGS=-g -DARMR5"
"Running Make include in psu_cortexr5_0/libsrc/usbpsu_v1_1/src"
make -C psu_cortexr5_0/libsrc/usbpsu_v1_1/src -s include  "SHELL=CMD" "COMPILER=armr5-none-eabi-gcc" "ARCHIVER=armr5-none-eabi-ar" "COMPILER_FLAGS=  -O2 -c -mcpu=cortex-r5" "EXTRA_COMPILER_FLAGS=-g -DARMR5"
"Running Make include in psu_cortexr5_0/libsrc/v_tpg_v8_0/src"
make -C psu_cortexr5_0/libsrc/v_tpg_v8_0/src -s include  "SHELL=CMD" "COMPILER=armr5-none-eabi-gcc" "ARCHIVER=armr5-none-eabi-ar" "COMPILER_FLAGS=  -O2 -c -mcpu=cortex-r5" "EXTRA_COMPILER_FLAGS=-g -DARMR5"
"Running Make include in psu_cortexr5_0/libsrc/video_common_v4_0/src"
make -C psu_cortexr5_0/libsrc/video_common_v4_0/src -s include  "SHELL=CMD" "COMPILER=armr5-none-eabi-gcc" "ARCHIVER=armr5-none-eabi-ar" "COMPILER_FLAGS=  -O2 -c -mcpu=cortex-r5" "EXTRA_COMPILER_FLAGS=-g -DARMR5"
"Running Make include in psu_cortexr5_0/libsrc/wdtps_v3_0/src"
make -C psu_cortexr5_0/libsrc/wdtps_v3_0/src -s include  "SHELL=CMD" "COMPILER=armr5-none-eabi-gcc" "ARCHIVER=armr5-none-eabi-ar" "COMPILER_FLAGS=  -O2 -c -mcpu=cortex-r5" "EXTRA_COMPILER_FLAGS=-g -DARMR5"
"Running Make include in psu_cortexr5_0/libsrc/zdma_v1_1/src"
make -C psu_cortexr5_0/libsrc/zdma_v1_1/src -s include  "SHELL=CMD" "COMPILER=armr5-none-eabi-gcc" "ARCHIVER=armr5-none-eabi-ar" "COMPILER_FLAGS=  -O2 -c -mcpu=cortex-r5" "EXTRA_COMPILER_FLAGS=-g -DARMR5"
"Running Make libs in psu_cortexr5_0/libsrc/axipmon_v6_5/src"
make -C psu_cortexr5_0/libsrc/axipmon_v6_5/src -s libs  "SHELL=CMD" "COMPILER=armr5-none-eabi-gcc" "ARCHIVER=armr5-none-eabi-ar" "COMPILER_FLAGS=  -O2 -c -mcpu=cortex-r5" "EXTRA_COMPILER_FLAGS=-g -DARMR5"
"Compiling axipmon"
armr5-none-eabi-ar: creating ../../../lib/libxil.a
"Running Make libs in psu_cortexr5_0/libsrc/axivdma_v6_2/src"
make -C psu_cortexr5_0/libsrc/axivdma_v6_2/src -s libs  "SHELL=CMD" "COMPILER=armr5-none-eabi-gcc" "ARCHIVER=armr5-none-eabi-ar" "COMPILER_FLAGS=  -O2 -c -mcpu=cortex-r5" "EXTRA_COMPILER_FLAGS=-g -DARMR5"
"Compiling axivdma"
"Running Make libs in psu_cortexr5_0/libsrc/bram_v4_1/src"
make -C psu_cortexr5_0/libsrc/bram_v4_1/src -s libs  "SHELL=CMD" "COMPILER=armr5-none-eabi-gcc" "ARCHIVER=armr5-none-eabi-ar" "COMPILER_FLAGS=  -O2 -c -mcpu=cortex-r5" "EXTRA_COMPILER_FLAGS=-g -DARMR5"
"Compiling bram"
"Running Make libs in psu_cortexr5_0/libsrc/coresightps_dcc_v1_3/src"
make -C psu_cortexr5_0/libsrc/coresightps_dcc_v1_3/src -s libs  "SHELL=CMD" "COMPILER=armr5-none-eabi-gcc" "ARCHIVER=armr5-none-eabi-ar" "COMPILER_FLAGS=  -O2 -c -mcpu=cortex-r5" "EXTRA_COMPILER_FLAGS=-g -DARMR5"
"Compiling coresightps_dcc"
"Running Make libs in psu_cortexr5_0/libsrc/cpu_cortexr5_v1_1/src"
make -C psu_cortexr5_0/libsrc/cpu_cortexr5_v1_1/src -s libs  "SHELL=CMD" "COMPILER=armr5-none-eabi-gcc" "ARCHIVER=armr5-none-eabi-ar" "COMPILER_FLAGS=  -O2 -c -mcpu=cortex-r5" "EXTRA_COMPILER_FLAGS=-g -DARMR5"
"Compiling cpu_cortexr5"
"Running Make libs in psu_cortexr5_0/libsrc/csudma_v1_1/src"
make -C psu_cortexr5_0/libsrc/csudma_v1_1/src -s libs  "SHELL=CMD" "COMPILER=armr5-none-eabi-gcc" "ARCHIVER=armr5-none-eabi-ar" "COMPILER_FLAGS=  -O2 -c -mcpu=cortex-r5" "EXTRA_COMPILER_FLAGS=-g -DARMR5"
"Compiling csudma"
"Running Make libs in psu_cortexr5_0/libsrc/ddrcpsu_v1_1/src"
make -C psu_cortexr5_0/libsrc/ddrcpsu_v1_1/src -s libs  "SHELL=CMD" "COMPILER=armr5-none-eabi-gcc" "ARCHIVER=armr5-none-eabi-ar" "COMPILER_FLAGS=  -O2 -c -mcpu=cortex-r5" "EXTRA_COMPILER_FLAGS=-g -DARMR5"
"Compiling ddrcpsu"
"Running Make libs in psu_cortexr5_0/libsrc/emacps_v3_3/src"
make -C psu_cortexr5_0/libsrc/emacps_v3_3/src -s libs  "SHELL=CMD" "COMPILER=armr5-none-eabi-gcc" "ARCHIVER=armr5-none-eabi-ar" "COMPILER_FLAGS=  -O2 -c -mcpu=cortex-r5" "EXTRA_COMPILER_FLAGS=-g -DARMR5"
"Compiling emacps"
"Running Make libs in psu_cortexr5_0/libsrc/gpiops_v3_1/src"
make -C psu_cortexr5_0/libsrc/gpiops_v3_1/src -s libs  "SHELL=CMD" "COMPILER=armr5-none-eabi-gcc" "ARCHIVER=armr5-none-eabi-ar" "COMPILER_FLAGS=  -O2 -c -mcpu=cortex-r5" "EXTRA_COMPILER_FLAGS=-g -DARMR5"
"Compiling gpiops"
"Running Make libs in psu_cortexr5_0/libsrc/iicps_v3_4/src"
make -C psu_cortexr5_0/libsrc/iicps_v3_4/src -s libs  "SHELL=CMD" "COMPILER=armr5-none-eabi-gcc" "ARCHIVER=armr5-none-eabi-ar" "COMPILER_FLAGS=  -O2 -c -mcpu=cortex-r5" "EXTRA_COMPILER_FLAGS=-g -DARMR5"
"Compiling iicps"
"Running Make libs in psu_cortexr5_0/libsrc/ipipsu_v2_1/src"
make -C psu_cortexr5_0/libsrc/ipipsu_v2_1/src -s libs  "SHELL=CMD" "COMPILER=armr5-none-eabi-gcc" "ARCHIVER=armr5-none-eabi-ar" "COMPILER_FLAGS=  -O2 -c -mcpu=cortex-r5" "EXTRA_COMPILER_FLAGS=-g -DARMR5"
"Compiling ipipsu"
"Running Make libs in psu_cortexr5_0/libsrc/qspipsu_v1_3/src"
make -C psu_cortexr5_0/libsrc/qspipsu_v1_3/src -s libs  "SHELL=CMD" "COMPILER=armr5-none-eabi-gcc" "ARCHIVER=armr5-none-eabi-ar" "COMPILER_FLAGS=  -O2 -c -mcpu=cortex-r5" "EXTRA_COMPILER_FLAGS=-g -DARMR5"
"Compiling qspipsu"
"Running Make libs in psu_cortexr5_0/libsrc/rtcpsu_v1_3/src"
make -C psu_cortexr5_0/libsrc/rtcpsu_v1_3/src -s libs  "SHELL=CMD" "COMPILER=armr5-none-eabi-gcc" "ARCHIVER=armr5-none-eabi-ar" "COMPILER_FLAGS=  -O2 -c -mcpu=cortex-r5" "EXTRA_COMPILER_FLAGS=-g -DARMR5"
"Compiling rtcpsu"
"Running Make libs in psu_cortexr5_0/libsrc/scugic_v3_5/src"
make -C psu_cortexr5_0/libsrc/scugic_v3_5/src -s libs  "SHELL=CMD" "COMPILER=armr5-none-eabi-gcc" "ARCHIVER=armr5-none-eabi-ar" "COMPILER_FLAGS=  -O2 -c -mcpu=cortex-r5" "EXTRA_COMPILER_FLAGS=-g -DARMR5"
"Compiling scugic"
"Running Make libs in psu_cortexr5_0/libsrc/sdps_v3_1/src"
make -C psu_cortexr5_0/libsrc/sdps_v3_1/src -s libs  "SHELL=CMD" "COMPILER=armr5-none-eabi-gcc" "ARCHIVER=armr5-none-eabi-ar" "COMPILER_FLAGS=  -O2 -c -mcpu=cortex-r5" "EXTRA_COMPILER_FLAGS=-g -DARMR5"
"Compiling sdps"
"Running Make libs in psu_cortexr5_0/libsrc/standalone_v6_1/src"
make -C psu_cortexr5_0/libsrc/standalone_v6_1/src -s libs  "SHELL=CMD" "COMPILER=armr5-none-eabi-gcc" "ARCHIVER=armr5-none-eabi-ar" "COMPILER_FLAGS=  -O2 -c -mcpu=cortex-r5" "EXTRA_COMPILER_FLAGS=-g -DARMR5"
"Compiling standalone R5"
"Running Make libs in psu_cortexr5_0/libsrc/sysmonpsu_v2_0/src"
make -C psu_cortexr5_0/libsrc/sysmonpsu_v2_0/src -s libs  "SHELL=CMD" "COMPILER=armr5-none-eabi-gcc" "ARCHIVER=armr5-none-eabi-ar" "COMPILER_FLAGS=  -O2 -c -mcpu=cortex-r5" "EXTRA_COMPILER_FLAGS=-g -DARMR5"
"Compiling sysmonpsu"
"Running Make libs in psu_cortexr5_0/libsrc/ttcps_v3_2/src"
make -C psu_cortexr5_0/libsrc/ttcps_v3_2/src -s libs  "SHELL=CMD" "COMPILER=armr5-none-eabi-gcc" "ARCHIVER=armr5-none-eabi-ar" "COMPILER_FLAGS=  -O2 -c -mcpu=cortex-r5" "EXTRA_COMPILER_FLAGS=-g -DARMR5"
"Compiling ttcps"
"Running Make libs in psu_cortexr5_0/libsrc/uartps_v3_3/src"
make -C psu_cortexr5_0/libsrc/uartps_v3_3/src -s libs  "SHELL=CMD" "COMPILER=armr5-none-eabi-gcc" "ARCHIVER=armr5-none-eabi-ar" "COMPILER_FLAGS=  -O2 -c -mcpu=cortex-r5" "EXTRA_COMPILER_FLAGS=-g -DARMR5"
"Compiling uartps"
"Running Make libs in psu_cortexr5_0/libsrc/usbpsu_v1_1/src"
make -C psu_cortexr5_0/libsrc/usbpsu_v1_1/src -s libs  "SHELL=CMD" "COMPILER=armr5-none-eabi-gcc" "ARCHIVER=armr5-none-eabi-ar" "COMPILER_FLAGS=  -O2 -c -mcpu=cortex-r5" "EXTRA_COMPILER_FLAGS=-g -DARMR5"
"Compiling usbpsu"
"Running Make libs in psu_cortexr5_0/libsrc/v_tpg_v8_0/src"
make -C psu_cortexr5_0/libsrc/v_tpg_v8_0/src -s libs  "SHELL=CMD" "COMPILER=armr5-none-eabi-gcc" "ARCHIVER=armr5-none-eabi-ar" "COMPILER_FLAGS=  -O2 -c -mcpu=cortex-r5" "EXTRA_COMPILER_FLAGS=-g -DARMR5"
"Compiling v_tpg"
"Running Make libs in psu_cortexr5_0/libsrc/video_common_v4_0/src"
make -C psu_cortexr5_0/libsrc/video_common_v4_0/src -s libs  "SHELL=CMD" "COMPILER=armr5-none-eabi-gcc" "ARCHIVER=armr5-none-eabi-ar" "COMPILER_FLAGS=  -O2 -c -mcpu=cortex-r5" "EXTRA_COMPILER_FLAGS=-g -DARMR5"
"Compiling video_common"
"Running Make libs in psu_cortexr5_0/libsrc/wdtps_v3_0/src"
make -C psu_cortexr5_0/libsrc/wdtps_v3_0/src -s libs  "SHELL=CMD" "COMPILER=armr5-none-eabi-gcc" "ARCHIVER=armr5-none-eabi-ar" "COMPILER_FLAGS=  -O2 -c -mcpu=cortex-r5" "EXTRA_COMPILER_FLAGS=-g -DARMR5"
"Compiling wdtps"
"Running Make libs in psu_cortexr5_0/libsrc/zdma_v1_1/src"
make -C psu_cortexr5_0/libsrc/zdma_v1_1/src -s libs  "SHELL=CMD" "COMPILER=armr5-none-eabi-gcc" "ARCHIVER=armr5-none-eabi-ar" "COMPILER_FLAGS=  -O2 -c -mcpu=cortex-r5" "EXTRA_COMPILER_FLAGS=-g -DARMR5"
"Compiling zdma"
'Finished building libraries'

19:49:02 Build Finished (took 23s.14ms)

